<?xml version="1.0" encoding="UTF-8"?>
<!-- Generated by org.testng.reporters.JUnitReportReporter -->
<testsuite skipped="0" hostname="DESKTOP-ARSCS60" name="com.inetbanking.testCases.TC_AddCustomerTest_004" tests="1" failures="0" timestamp="27 Jan 2021 02:57:24 GMT" time="21.685" errors="0">
  <testcase name="addNewCustomer" time="21.685" classname="com.inetbanking.testCases.TC_AddCustomerTest_004"/>
</testsuite> <!-- com.inetbanking.testCases.TC_AddCustomerTest_004 -->
